<?xml version="1.0" encoding="UTF-8"?>
<testng-results ignored="0" total="1" passed="1" failed="0" skipped="0">
  <reporter-output>
  </reporter-output>
  <suite started-at="2026-01-27T14:01:09 IST" name="Default suite" finished-at="2026-01-27T14:01:18 IST" duration-ms="9267">
    <groups>
    </groups>
    <test started-at="2026-01-27T14:01:09 IST" name="Default test" finished-at="2026-01-27T14:01:18 IST" duration-ms="9267">
      <class name="tests.LoginTest">
        <test-method is-config="true" signature="setup()[pri:0, instance:tests.LoginTest@557caf28]" started-at="2026-01-27T14:01:09 IST" name="setup" finished-at="2026-01-27T14:01:16 IST" duration-ms="7617" status="PASS">
          <reporter-output>
          </reporter-output>
        </test-method> <!-- setup -->
        <test-method is-config="true" signature="initPage()[pri:0, instance:tests.LoginTest@557caf28]" started-at="2026-01-27T14:01:16 IST" name="initPage" finished-at="2026-01-27T14:01:16 IST" duration-ms="13" status="PASS">
          <reporter-output>
          </reporter-output>
        </test-method> <!-- initPage -->
        <test-method signature="logintest()[pri:0, instance:tests.LoginTest@557caf28]" started-at="2026-01-27T14:01:16 IST" name="logintest" finished-at="2026-01-27T14:01:18 IST" duration-ms="1229" status="PASS">
          <reporter-output>
          </reporter-output>
        </test-method> <!-- logintest -->
        <test-method is-config="true" signature="tearDown()[pri:0, instance:tests.LoginTest@557caf28]" started-at="2026-01-27T14:01:18 IST" name="tearDown" finished-at="2026-01-27T14:01:18 IST" duration-ms="365" status="PASS">
          <reporter-output>
          </reporter-output>
        </test-method> <!-- tearDown -->
      </class> <!-- tests.LoginTest -->
    </test> <!-- Default test -->
  </suite> <!-- Default suite -->
</testng-results>
